<?xml version="1.0" encoding="UTF-8"?>
<testsuite name="uTest" tests="1" skipped="1" failures="0" errors="0" timestamp="2022-04-24T04:22:20" hostname="DESKTOP-SJOGO8U" time="0.072">
  <properties/>
  <testcase name="start registration" classname="uTest" time="0.072">
    <skipped/>
  </testcase>
  <system-out><![CDATA[]]></system-out>
  <system-err><![CDATA[[Test worker] WARN net.thucydides.core.steps.BaseStepListener - stepStarted: net.thucydides.core.steps.ExecutedStepDescription@82e2928
[Test worker] INFO net.thucydides.core.steps.ConsoleLoggingListener - TEST PENDING
[Test worker] WARN net.thucydides.core.steps.BaseStepListener - stepStarted: net.thucydides.core.steps.ExecutedStepDescription@2c96d282
[Test worker] WARN net.thucydides.core.steps.BaseStepListener - stepStarted: net.thucydides.core.steps.ExecutedStepDescription@67d3cdb
[Test worker] WARN net.thucydides.core.steps.BaseStepListener - testFinished: start registration:Given a user who wants to register, When click the join today button, Then redirects to log view
[Test worker] WARN net.thucydides.core.steps.BaseStepListener - TestOutcomes: [start registration:Given a user who wants to register, When click the join today button, Then redirects to log view]
[Test worker] WARN net.thucydides.core.steps.BaseStepListener - Final testOutcomes: [start registration:Given a user who wants to register, When click the join today button, Then redirects to log view]
[Test worker] INFO net.thucydides.core.steps.ConsoleLoggingListener - 
          __  _____ _____ ____ _____   ____  _____ _   _ ____ ___ _   _  ____ 
 _       / / |_   _| ____/ ___|_   _| |  _ \| ____| \ | |  _ \_ _| \ | |/ ___|
(_)____ / /    | | |  _| \___ \ | |   | |_) |  _| |  \| | | | | ||  \| | |  _ 
 |_____/ /     | | | |___ ___) || |   |  __/| |___| |\  | |_| | || |\  | |_| |
(_)   /_/      |_| |_____|____/ |_|   |_|   |_____|_| \_|____/___|_| \_|\____|
                                                                                

TEST PENDING: start registration
---------------------------------------------------------------------------------
]]></system-err>
</testsuite>
