<?xml version="1.0" encoding="UTF-8"?>
<testsuite name="uTest" tests="2" skipped="2" failures="0" errors="0" timestamp="2022-04-26T02:45:51" hostname="DESKTOP-SJOGO8U" time="0.335">
  <properties/>
  <testcase name="start registration" classname="uTest" time="0.07">
    <skipped/>
  </testcase>
  <testcase name="Step1" classname="uTest" time="0.109">
    <skipped/>
  </testcase>
  <system-out><![CDATA[]]></system-out>
  <system-err><![CDATA[[Test worker] WARN net.thucydides.core.steps.BaseStepListener - stepStarted: net.thucydides.core.steps.ExecutedStepDescription@6118412a
[Test worker] INFO net.thucydides.core.steps.ConsoleLoggingListener - TEST PENDING
[Test worker] WARN net.thucydides.core.steps.BaseStepListener - stepStarted: net.thucydides.core.steps.ExecutedStepDescription@5ac66b73
[Test worker] WARN net.thucydides.core.steps.BaseStepListener - stepStarted: net.thucydides.core.steps.ExecutedStepDescription@dd38a72
[Test worker] WARN net.thucydides.core.steps.BaseStepListener - testFinished: start registration:Given a user who wants to register, When click the join today button, Then redirects to log view
[Test worker] WARN net.thucydides.core.steps.BaseStepListener - TestOutcomes: [start registration:Given a user who wants to register, When click the join today button, Then redirects to log view]
[Test worker] WARN net.thucydides.core.steps.BaseStepListener - Final testOutcomes: [start registration:Given a user who wants to register, When click the join today button, Then redirects to log view]
[Test worker] INFO net.thucydides.core.steps.ConsoleLoggingListener - 
          __  _____ _____ ____ _____   ____  _____ _   _ ____ ___ _   _  ____ 
 _       / / |_   _| ____/ ___|_   _| |  _ \| ____| \ | |  _ \_ _| \ | |/ ___|
(_)____ / /    | | |  _| \___ \ | |   | |_) |  _| |  \| | | | | ||  \| | |  _ 
 |_____/ /     | | | |___ ___) || |   |  __/| |___| |\  | |_| | || |\  | |_| |
(_)   /_/      |_| |_____|____/ |_|   |_|   |_____|_| \_|____/___|_| \_|\____|
                                                                                

TEST PENDING: start registration
---------------------------------------------------------------------------------
[Test worker] WARN net.thucydides.core.steps.BaseStepListener - stepStarted: net.thucydides.core.steps.ExecutedStepDescription@5538c6b1
[Test worker] INFO net.thucydides.core.steps.ConsoleLoggingListener - TEST PENDING
[Test worker] WARN net.thucydides.core.steps.BaseStepListener - stepStarted: net.thucydides.core.steps.ExecutedStepDescription@40bb47d1
[Test worker] WARN net.thucydides.core.steps.BaseStepListener - stepStarted: net.thucydides.core.steps.ExecutedStepDescription@e11e5e2
[Test worker] WARN net.thucydides.core.steps.BaseStepListener - testFinished: Step1:Given given that the user completes the personal data form, When the user writes in the field first name "nataly" last name "Mendoza" email address "mail@gmail.com" month "April" day "04" year "1995" language "English" and clicks on the next button, Then continue to stepTwo
[Test worker] WARN net.thucydides.core.steps.BaseStepListener - TestOutcomes: [start registration:Given a user who wants to register, When click the join today button, Then redirects to log view, Step1:Given given that the user completes the personal data form, When the user writes in the field first name "nataly" last name "Mendoza" email address "mail@gmail.com" month "April" day "04" year "1995" language "English" and clicks on the next button, Then continue to stepTwo]
[Test worker] WARN net.thucydides.core.steps.BaseStepListener - Final testOutcomes: [start registration:Given a user who wants to register, When click the join today button, Then redirects to log view, Step1:Given given that the user completes the personal data form, When the user writes in the field first name "nataly" last name "Mendoza" email address "mail@gmail.com" month "April" day "04" year "1995" language "English" and clicks on the next button, Then continue to stepTwo]
[Test worker] INFO net.thucydides.core.steps.ConsoleLoggingListener - 
          __  _____ _____ ____ _____   ____  _____ _   _ ____ ___ _   _  ____ 
 _       / / |_   _| ____/ ___|_   _| |  _ \| ____| \ | |  _ \_ _| \ | |/ ___|
(_)____ / /    | | |  _| \___ \ | |   | |_) |  _| |  \| | | | | ||  \| | |  _ 
 |_____/ /     | | | |___ ___) || |   |  __/| |___| |\  | |_| | || |\  | |_| |
(_)   /_/      |_| |_____|____/ |_|   |_|   |_____|_| \_|____/___|_| \_|\____|
                                                                                

TEST PENDING: Step1
---------------------------------------------------------------------------------
]]></system-err>
</testsuite>
